Arguments: 
  /usr/bin/nodejs /usr/share/yarn/bin/yarn.js add @types-node --dev

PATH: 
  /usr/local/sbin:/usr/local/bin:/usr/sbin:/usr/bin:/sbin:/bin:/snap/bin

Yarn version: 
  0.27.5

Node version: 
  8.1.4

Platform: 
  linux x64

npm manifest: 
  {
    "dependencies": {
      "@angular/common": "^4.3.5",
      "@angular/compiler": "^4.3.5",
      "@angular/core": "^4.3.5",
      "@angular/forms": "^4.3.5",
      "@angular/http": "^4.3.5",
      "@angular/platform-browser": "^4.3.5",
      "@angular/platform-browser-dynamic": "^4.3.5",
      "@angular/router": "^4.3.5",
      "core-js": "^2.5.0",
      "rxjs": "^5.4.3",
      "zone.js": "^0.8.16"
    }
  }

yarn manifest: 
  No manifest

Lockfile: 
  # THIS IS AN AUTOGENERATED FILE. DO NOT EDIT THIS FILE DIRECTLY.
  # yarn lockfile v1
  
  
  "@angular/common@^4.3.5":
    version "4.3.5"
    resolved "https://registry.yarnpkg.com/@angular/common/-/common-4.3.5.tgz#5f6b11347eae1dfc34623ccfd4c06c8f4c488e2d"
    dependencies:
      tslib "^1.7.1"
  
  "@angular/compiler@^4.3.5":
    version "4.3.5"
    resolved "https://registry.yarnpkg.com/@angular/compiler/-/compiler-4.3.5.tgz#50d3c986657beff1fef4f6dd9a3fa58e24abd548"
    dependencies:
      tslib "^1.7.1"
  
  "@angular/core@^4.3.5":
    version "4.3.5"
    resolved "https://registry.yarnpkg.com/@angular/core/-/core-4.3.5.tgz#bd1efdbf1ebcfb9c27a238e2aa4c48159b0895bb"
    dependencies:
      tslib "^1.7.1"
  
  "@angular/forms@^4.3.5":
    version "4.3.5"
    resolved "https://registry.yarnpkg.com/@angular/forms/-/forms-4.3.5.tgz#519aad0ad82a1b87019937fa93fc147734737787"
    dependencies:
      tslib "^1.7.1"
  
  "@angular/http@^4.3.5":
    version "4.3.5"
    resolved "https://registry.yarnpkg.com/@angular/http/-/http-4.3.5.tgz#81d4b0761c8ef035cb0b736300c237f36286f1f0"
    dependencies:
      tslib "^1.7.1"
  
  "@angular/platform-browser-dynamic@^4.3.5":
    version "4.3.5"
    resolved "https://registry.yarnpkg.com/@angular/platform-browser-dynamic/-/platform-browser-dynamic-4.3.5.tgz#4a697b3b0aec805b33884fd4a9b3473065bab1e0"
    dependencies:
      tslib "^1.7.1"
  
  "@angular/platform-browser@^4.3.5":
    version "4.3.5"
    resolved "https://registry.yarnpkg.com/@angular/platform-browser/-/platform-browser-4.3.5.tgz#c0d03409499cc29f81677aab623c9086760d84ef"
    dependencies:
      tslib "^1.7.1"
  
  "@angular/router@^4.3.5":
    version "4.3.5"
    resolved "https://registry.yarnpkg.com/@angular/router/-/router-4.3.5.tgz#188082747bc9b6974f9d4b3f5557b434645d23cd"
    dependencies:
      tslib "^1.7.1"
  
  core-js@^2.5.0:
    version "2.5.0"
    resolved "https://registry.yarnpkg.com/core-js/-/core-js-2.5.0.tgz#569c050918be6486b3837552028ae0466b717086"
  
  rxjs@^5.4.3:
    version "5.4.3"
    resolved "https://registry.yarnpkg.com/rxjs/-/rxjs-5.4.3.tgz#0758cddee6033d68e0fd53676f0f3596ce3d483f"
    dependencies:
      symbol-observable "^1.0.1"
  
  symbol-observable@^1.0.1:
    version "1.0.4"
    resolved "https://registry.yarnpkg.com/symbol-observable/-/symbol-observable-1.0.4.tgz#29bf615d4aa7121bdd898b22d4b3f9bc4e2aa03d"
  
  tslib@^1.7.1:
    version "1.7.1"
    resolved "https://registry.yarnpkg.com/tslib/-/tslib-1.7.1.tgz#bc8004164691923a79fe8378bbeb3da2017538ec"
  
  zone.js@^0.8.16:
    version "0.8.16"
    resolved "https://registry.yarnpkg.com/zone.js/-/zone.js-0.8.16.tgz#ac31b6c418f88c0f918ad6acd8a402aca9313abb"

Trace: 
  Error: https://registry.yarnpkg.com/@types-node: Not found
      at Request.params.callback [as _callback] (/usr/share/yarn/lib/yarn-cli.js:58200:18)
      at Request.self.callback (/usr/share/yarn/lib/yarn-cli.js:114242:22)
      at emitTwo (events.js:125:13)
      at Request.emit (events.js:213:7)
      at Request.<anonymous> (/usr/share/yarn/lib/yarn-cli.js:115225:10)
      at emitOne (events.js:115:13)
      at Request.emit (events.js:210:7)
      at IncomingMessage.<anonymous> (/usr/share/yarn/lib/yarn-cli.js:115145:12)
      at Object.onceWrapper (events.js:314:30)
      at emitNone (events.js:110:20)
